<?xml version="1.0" encoding="UTF-8"?>
<!-- Generated by org.testng.reporters.JUnitXMLReporter -->
<testsuite ignored="0" hostname="LTIN272303" failures="0" tests="9" name="Default test" time="81.6" errors="0" timestamp="2024-02-28T12:36:10 IST">
  <testcase classname="testCases.TC_01_CabSelectsection" name="carSelect1" time="56.234"/>
  <testcase classname="testCases.TC_01_CabSelectsection" name="fromCity1" time="3.018"/>
  <testcase classname="testCases.TC_01_CabSelectsection" name="tocity1" time="5.348"/>
  <testcase classname="testCases.TC_01_CabSelectsection" name="dateClick" time="0.227"/>
  <testcase classname="testCases.TC_01_CabSelectsection" name="apply1" time="0.339"/>
  <testcase classname="testCases.TC_01_CabSelectsection" name="search1" time="3.59"/>
  <testcase classname="testCases.TC_01_CabSelectsection" name="suvSelect1" time="1.949"/>
  <testcase classname="testCases.TC_01_CabSelectsection" name="carDetails" time="0.088"/>
  <testcase classname="testCases.TC_01_CabSelectsection" name="carP1" time="2.119"/>
</testsuite> <!-- Default test -->
