<?xml version="1.0" encoding="UTF-8"?>
<!-- Generated by org.testng.reporters.JUnitXMLReporter -->
<testsuite ignored="4" hostname="LTIN272303" failures="0" tests="18" name="Test" time="114.227" errors="0" timestamp="2024-02-28T17:24:35 IST">
  <testcase classname="testCases.TC_01_CabSelectsection" name="carSelect1" time="3.784"/>
  <testcase classname="testCases.TC_01_CabSelectsection" name="fromCity1" time="2.804"/>
  <testcase classname="testCases.TC_01_CabSelectsection" name="tocity1" time="5.504"/>
  <testcase classname="testCases.TC_01_CabSelectsection" name="dateClick" time="0.189"/>
  <testcase classname="testCases.TC_01_CabSelectsection" name="apply1" time="0.198"/>
  <testcase classname="testCases.TC_01_CabSelectsection" name="search1" time="3.697"/>
  <testcase classname="testCases.TC_01_CabSelectsection" name="suvSelect1" time="2.415"/>
  <testcase classname="testCases.TC_01_CabSelectsection" name="carDetails" time="0.154"/>
  <testcase classname="testCases.TC_01_CabSelectsection" name="carP1" time="2.674"/>
  <testcase classname="testCases.TC_02_Giftsection" name="moreClick" time="2.868"/>
  <testcase classname="testCases.TC_02_Giftsection" name="giftSelect" time="2.333"/>
  <testcase classname="testCases.TC_02_Giftsection" name="deatils" time="3.167"/>
  <testcase classname="testCases.TC_02_Giftsection" name="Buynow" time="0.45"/>
  <testcase classname="testCases.TC_02_Giftsection" name="msg" time="0.08"/>
  <testcase classname="testCases.TC_03_Hotelbookingsection" name="hotel1" time="10.545"/>
  <testcase classname="testCases.TC_03_Hotelbookingsection" name="roomadultClick1" time="0.648"/>
  <testcase classname="testCases.TC_03_Hotelbookingsection" name="adult1" time="0.275"/>
  <testcase classname="testCases.TC_03_Hotelbookingsection" name="adultlist1" time="1.355"/>
  <testcase classname="testBase.BaseClass" name="@BeforeTest setup" time="0.0">
    <ignored/>
  </testcase> <!-- @BeforeTest setup -->
  <testcase classname="testBase.BaseClass" name="@AfterTest teardown" time="0.0">
    <ignored/>
  </testcase> <!-- @AfterTest teardown -->
  <testcase classname="testBase.BaseClass" name="@AfterTest teardown" time="0.0">
    <ignored/>
  </testcase> <!-- @AfterTest teardown -->
  <testcase classname="testBase.BaseClass" name="@BeforeTest setup" time="0.0">
    <ignored/>
  </testcase> <!-- @BeforeTest setup -->
</testsuite> <!-- Test -->
