<?xml version="1.0" encoding="UTF-8"?>
<!-- Generated by org.testng.reporters.JUnitXMLReporter -->
<testsuite ignored="4" hostname="LTIN272303" failures="0" tests="19" name="Test" time="159.151" errors="0" timestamp="2024-03-12T21:35:36 IST">
  <testcase classname="testCases.TC_01_CabSelectsection" name="popupClick" time="65.784"/>
  <testcase classname="testCases.TC_01_CabSelectsection" name="carSelect1" time="4.0"/>
  <testcase classname="testCases.TC_01_CabSelectsection" name="fromCity1" time="3.068"/>
  <testcase classname="testCases.TC_01_CabSelectsection" name="tocity1" time="5.676"/>
  <testcase classname="testCases.TC_01_CabSelectsection" name="dateClick" time="0.284"/>
  <testcase classname="testCases.TC_01_CabSelectsection" name="apply1" time="0.359"/>
  <testcase classname="testCases.TC_01_CabSelectsection" name="search1" time="4.437"/>
  <testcase classname="testCases.TC_01_CabSelectsection" name="suvSelect1" time="7.036"/>
  <testcase classname="testCases.TC_01_CabSelectsection" name="carDetails" time="0.096"/>
  <testcase classname="testCases.TC_01_CabSelectsection" name="carP1" time="2.924"/>
  <testcase classname="testCases.TC_02_Giftsection" name="moreClick" time="5.153"/>
  <testcase classname="testCases.TC_02_Giftsection" name="giftSelect" time="2.662"/>
  <testcase classname="testCases.TC_02_Giftsection" name="deatils" time="1.924"/>
  <testcase classname="testCases.TC_02_Giftsection" name="Buynow" time="0.666"/>
  <testcase classname="testCases.TC_02_Giftsection" name="msg" time="0.139"/>
  <testcase classname="testCases.TC_03_Hotelbookingsection" name="hotel1" time="10.678"/>
  <testcase classname="testCases.TC_03_Hotelbookingsection" name="roomadultClick1" time="1.625"/>
  <testcase classname="testCases.TC_03_Hotelbookingsection" name="adult1" time="0.568"/>
  <testcase classname="testCases.TC_03_Hotelbookingsection" name="adultlist1" time="2.105"/>
  <testcase classname="testBase.BaseClass" name="@BeforeTest setup" time="0.0">
    <ignored/>
  </testcase> <!-- @BeforeTest setup -->
  <testcase classname="testBase.BaseClass" name="@BeforeTest setup" time="0.0">
    <ignored/>
  </testcase> <!-- @BeforeTest setup -->
  <testcase classname="testBase.BaseClass" name="@AfterTest teardown" time="0.0">
    <ignored/>
  </testcase> <!-- @AfterTest teardown -->
  <testcase classname="testBase.BaseClass" name="@AfterTest teardown" time="0.0">
    <ignored/>
  </testcase> <!-- @AfterTest teardown -->
</testsuite> <!-- Test -->
