<?xml version="1.0" encoding="UTF-8"?>
<testng-results ignored="0" total="18" passed="18" failed="0" skipped="0">
  <reporter-output>
  </reporter-output>
  <suite started-at="2024-02-28T17:22:40 IST" name="Suite" finished-at="2024-02-28T17:24:35 IST" duration-ms="114227">
    <groups>
    </groups>
    <test started-at="2024-02-28T17:22:40 IST" name="Test" finished-at="2024-02-28T17:24:35 IST" duration-ms="114227">
      <class name="testCases.TC_03_Hotelbookingsection">
        <test-method signature="hotel1()[pri:15, instance:testCases.TC_03_Hotelbookingsection@63648ee9]" started-at="2024-02-28T17:24:15 IST" name="hotel1" finished-at="2024-02-28T17:24:25 IST" duration-ms="10545" status="PASS">
          <reporter-output>
          </reporter-output>
        </test-method> <!-- hotel1 -->
        <test-method signature="roomadultClick1()[pri:16, instance:testCases.TC_03_Hotelbookingsection@63648ee9]" started-at="2024-02-28T17:24:26 IST" name="roomadultClick1" finished-at="2024-02-28T17:24:27 IST" duration-ms="648" status="PASS">
          <reporter-output>
          </reporter-output>
        </test-method> <!-- roomadultClick1 -->
        <test-method signature="adult1()[pri:17, instance:testCases.TC_03_Hotelbookingsection@63648ee9]" started-at="2024-02-28T17:24:27 IST" name="adult1" finished-at="2024-02-28T17:24:28 IST" duration-ms="275" status="PASS">
          <reporter-output>
          </reporter-output>
        </test-method> <!-- adult1 -->
        <test-method signature="adultlist1()[pri:18, instance:testCases.TC_03_Hotelbookingsection@63648ee9]" started-at="2024-02-28T17:24:28 IST" name="adultlist1" finished-at="2024-02-28T17:24:29 IST" duration-ms="1355" status="PASS">
          <reporter-output>
          </reporter-output>
        </test-method> <!-- adultlist1 -->
      </class> <!-- testCases.TC_03_Hotelbookingsection -->
      <class name="testCases.TC_02_Giftsection">
        <test-method signature="moreClick()[pri:10, instance:testCases.TC_02_Giftsection@2ed3b1f5]" started-at="2024-02-28T17:24:04 IST" name="moreClick" finished-at="2024-02-28T17:24:07 IST" duration-ms="2868" status="PASS">
          <reporter-output>
          </reporter-output>
        </test-method> <!-- moreClick -->
        <test-method signature="giftSelect()[pri:11, instance:testCases.TC_02_Giftsection@2ed3b1f5]" started-at="2024-02-28T17:24:07 IST" name="giftSelect" finished-at="2024-02-28T17:24:10 IST" duration-ms="2333" status="PASS">
          <reporter-output>
          </reporter-output>
        </test-method> <!-- giftSelect -->
        <test-method signature="deatils()[pri:12, instance:testCases.TC_02_Giftsection@2ed3b1f5]" started-at="2024-02-28T17:24:10 IST" name="deatils" finished-at="2024-02-28T17:24:13 IST" duration-ms="3167" status="PASS">
          <reporter-output>
          </reporter-output>
        </test-method> <!-- deatils -->
        <test-method signature="Buynow()[pri:13, instance:testCases.TC_02_Giftsection@2ed3b1f5]" started-at="2024-02-28T17:24:14 IST" name="Buynow" finished-at="2024-02-28T17:24:14 IST" duration-ms="450" status="PASS">
          <reporter-output>
          </reporter-output>
        </test-method> <!-- Buynow -->
        <test-method signature="msg()[pri:14, instance:testCases.TC_02_Giftsection@2ed3b1f5]" started-at="2024-02-28T17:24:14 IST" name="msg" finished-at="2024-02-28T17:24:15 IST" duration-ms="80" status="PASS">
          <reporter-output>
          </reporter-output>
        </test-method> <!-- msg -->
      </class> <!-- testCases.TC_02_Giftsection -->
      <class name="testCases.TC_01_CabSelectsection">
        <test-method is-config="true" signature="setup()[pri:0, instance:testCases.TC_01_CabSelectsection@acb0951]" started-at="2024-02-28T17:22:41 IST" name="setup" finished-at="2024-02-28T17:23:38 IST" duration-ms="56185" status="PASS">
          <reporter-output>
          </reporter-output>
        </test-method> <!-- setup -->
        <test-method signature="carSelect1()[pri:1, instance:testCases.TC_01_CabSelectsection@acb0951]" started-at="2024-02-28T17:23:38 IST" name="carSelect1" finished-at="2024-02-28T17:23:42 IST" duration-ms="3784" status="PASS">
          <reporter-output>
          </reporter-output>
        </test-method> <!-- carSelect1 -->
        <test-method signature="fromCity1()[pri:2, instance:testCases.TC_01_CabSelectsection@acb0951]" started-at="2024-02-28T17:23:43 IST" name="fromCity1" finished-at="2024-02-28T17:23:46 IST" duration-ms="2804" status="PASS">
          <reporter-output>
          </reporter-output>
        </test-method> <!-- fromCity1 -->
        <test-method signature="tocity1()[pri:3, instance:testCases.TC_01_CabSelectsection@acb0951]" started-at="2024-02-28T17:23:46 IST" name="tocity1" finished-at="2024-02-28T17:23:52 IST" duration-ms="5504" status="PASS">
          <reporter-output>
          </reporter-output>
        </test-method> <!-- tocity1 -->
        <test-method signature="dateClick()[pri:4, instance:testCases.TC_01_CabSelectsection@acb0951]" started-at="2024-02-28T17:23:52 IST" name="dateClick" finished-at="2024-02-28T17:23:52 IST" duration-ms="189" status="PASS">
          <reporter-output>
          </reporter-output>
        </test-method> <!-- dateClick -->
        <test-method signature="apply1()[pri:5, instance:testCases.TC_01_CabSelectsection@acb0951]" started-at="2024-02-28T17:23:53 IST" name="apply1" finished-at="2024-02-28T17:23:53 IST" duration-ms="198" status="PASS">
          <reporter-output>
          </reporter-output>
        </test-method> <!-- apply1 -->
        <test-method signature="search1()[pri:6, instance:testCases.TC_01_CabSelectsection@acb0951]" started-at="2024-02-28T17:23:54 IST" name="search1" finished-at="2024-02-28T17:23:57 IST" duration-ms="3697" status="PASS">
          <reporter-output>
          </reporter-output>
        </test-method> <!-- search1 -->
        <test-method signature="suvSelect1()[pri:7, instance:testCases.TC_01_CabSelectsection@acb0951]" started-at="2024-02-28T17:23:58 IST" name="suvSelect1" finished-at="2024-02-28T17:24:00 IST" duration-ms="2415" status="PASS">
          <reporter-output>
          </reporter-output>
        </test-method> <!-- suvSelect1 -->
        <test-method signature="carDetails()[pri:8, instance:testCases.TC_01_CabSelectsection@acb0951]" started-at="2024-02-28T17:24:01 IST" name="carDetails" finished-at="2024-02-28T17:24:01 IST" duration-ms="154" status="PASS">
          <reporter-output>
          </reporter-output>
        </test-method> <!-- carDetails -->
        <test-method signature="carP1()[pri:9, instance:testCases.TC_01_CabSelectsection@acb0951]" started-at="2024-02-28T17:24:01 IST" name="carP1" finished-at="2024-02-28T17:24:04 IST" duration-ms="2674" status="PASS">
          <reporter-output>
          </reporter-output>
        </test-method> <!-- carP1 -->
        <test-method is-config="true" signature="teardown()[pri:0, instance:testCases.TC_01_CabSelectsection@acb0951]" started-at="2024-02-28T17:24:30 IST" name="teardown" finished-at="2024-02-28T17:24:35 IST" duration-ms="4831" status="PASS">
          <reporter-output>
          </reporter-output>
        </test-method> <!-- teardown -->
      </class> <!-- testCases.TC_01_CabSelectsection -->
    </test> <!-- Test -->
  </suite> <!-- Suite -->
</testng-results>
