<?xml version="1.0" encoding="UTF-8"?>
<testng-results ignored="0" total="19" passed="19" failed="0" skipped="0">
  <reporter-output>
  </reporter-output>
  <suite started-at="2024-03-12T21:32:52 IST" name="Suite" finished-at="2024-03-12T21:35:32 IST" duration-ms="159151">
    <groups>
    </groups>
    <test started-at="2024-03-12T21:32:52 IST" name="Test" finished-at="2024-03-12T21:35:32 IST" duration-ms="159151">
      <class name="testCases.TC_03_Hotelbookingsection">
        <test-method signature="hotel1()[pri:15, instance:testCases.TC_03_Hotelbookingsection@bcec031]" started-at="2024-03-12T21:35:11 IST" name="hotel1" finished-at="2024-03-12T21:35:22 IST" duration-ms="10678" status="PASS">
          <reporter-output>
          </reporter-output>
        </test-method> <!-- hotel1 -->
        <test-method signature="roomadultClick1()[pri:16, instance:testCases.TC_03_Hotelbookingsection@bcec031]" started-at="2024-03-12T21:35:23 IST" name="roomadultClick1" finished-at="2024-03-12T21:35:25 IST" duration-ms="1625" status="PASS">
          <reporter-output>
          </reporter-output>
        </test-method> <!-- roomadultClick1 -->
        <test-method signature="adult1()[pri:17, instance:testCases.TC_03_Hotelbookingsection@bcec031]" started-at="2024-03-12T21:35:26 IST" name="adult1" finished-at="2024-03-12T21:35:26 IST" duration-ms="568" status="PASS">
          <reporter-output>
          </reporter-output>
        </test-method> <!-- adult1 -->
        <test-method signature="adultlist1()[pri:18, instance:testCases.TC_03_Hotelbookingsection@bcec031]" started-at="2024-03-12T21:35:27 IST" name="adultlist1" finished-at="2024-03-12T21:35:29 IST" duration-ms="2105" status="PASS">
          <reporter-output>
          </reporter-output>
        </test-method> <!-- adultlist1 -->
      </class> <!-- testCases.TC_03_Hotelbookingsection -->
      <class name="testCases.TC_02_Giftsection">
        <test-method signature="moreClick()[pri:10, instance:testCases.TC_02_Giftsection@7813cb11]" started-at="2024-03-12T21:34:58 IST" name="moreClick" finished-at="2024-03-12T21:35:03 IST" duration-ms="5153" status="PASS">
          <reporter-output>
          </reporter-output>
        </test-method> <!-- moreClick -->
        <test-method signature="giftSelect()[pri:11, instance:testCases.TC_02_Giftsection@7813cb11]" started-at="2024-03-12T21:35:04 IST" name="giftSelect" finished-at="2024-03-12T21:35:06 IST" duration-ms="2662" status="PASS">
          <reporter-output>
          </reporter-output>
        </test-method> <!-- giftSelect -->
        <test-method signature="deatils()[pri:12, instance:testCases.TC_02_Giftsection@7813cb11]" started-at="2024-03-12T21:35:07 IST" name="deatils" finished-at="2024-03-12T21:35:09 IST" duration-ms="1924" status="PASS">
          <reporter-output>
          </reporter-output>
        </test-method> <!-- deatils -->
        <test-method signature="Buynow()[pri:13, instance:testCases.TC_02_Giftsection@7813cb11]" started-at="2024-03-12T21:35:10 IST" name="Buynow" finished-at="2024-03-12T21:35:10 IST" duration-ms="666" status="PASS">
          <reporter-output>
          </reporter-output>
        </test-method> <!-- Buynow -->
        <test-method signature="msg()[pri:14, instance:testCases.TC_02_Giftsection@7813cb11]" started-at="2024-03-12T21:35:11 IST" name="msg" finished-at="2024-03-12T21:35:11 IST" duration-ms="139" status="PASS">
          <reporter-output>
          </reporter-output>
        </test-method> <!-- msg -->
      </class> <!-- testCases.TC_02_Giftsection -->
      <class name="testCases.TC_01_CabSelectsection">
        <test-method is-config="true" signature="setup(java.lang.String,java.lang.String)[pri:0, instance:testCases.TC_01_CabSelectsection@68d6972f]" started-at="2024-03-12T21:32:54 IST" name="setup" finished-at="2024-03-12T21:33:18 IST" duration-ms="24571" status="PASS">
          <params>
            <param index="0">
              <value>
                <![CDATA[windows]]>
              </value>
            </param>
            <param index="1">
              <value>
                <![CDATA[edge]]>
              </value>
            </param>
          </params>
          <reporter-output>
          </reporter-output>
        </test-method> <!-- setup -->
        <test-method signature="popupClick()[pri:0, instance:testCases.TC_01_CabSelectsection@68d6972f]" started-at="2024-03-12T21:33:19 IST" name="popupClick" finished-at="2024-03-12T21:34:24 IST" duration-ms="65784" status="PASS">
          <reporter-output>
          </reporter-output>
        </test-method> <!-- popupClick -->
        <test-method signature="carSelect1()[pri:1, instance:testCases.TC_01_CabSelectsection@68d6972f]" started-at="2024-03-12T21:34:26 IST" name="carSelect1" finished-at="2024-03-12T21:34:30 IST" duration-ms="4000" status="PASS">
          <reporter-output>
          </reporter-output>
        </test-method> <!-- carSelect1 -->
        <test-method signature="fromCity1()[pri:2, instance:testCases.TC_01_CabSelectsection@68d6972f]" started-at="2024-03-12T21:34:31 IST" name="fromCity1" finished-at="2024-03-12T21:34:34 IST" duration-ms="3068" status="PASS">
          <reporter-output>
          </reporter-output>
        </test-method> <!-- fromCity1 -->
        <test-method signature="tocity1()[pri:3, instance:testCases.TC_01_CabSelectsection@68d6972f]" started-at="2024-03-12T21:34:34 IST" name="tocity1" finished-at="2024-03-12T21:34:40 IST" duration-ms="5676" status="PASS">
          <reporter-output>
          </reporter-output>
        </test-method> <!-- tocity1 -->
        <test-method signature="dateClick()[pri:4, instance:testCases.TC_01_CabSelectsection@68d6972f]" started-at="2024-03-12T21:34:41 IST" name="dateClick" finished-at="2024-03-12T21:34:41 IST" duration-ms="284" status="PASS">
          <reporter-output>
          </reporter-output>
        </test-method> <!-- dateClick -->
        <test-method signature="apply1()[pri:5, instance:testCases.TC_01_CabSelectsection@68d6972f]" started-at="2024-03-12T21:34:41 IST" name="apply1" finished-at="2024-03-12T21:34:42 IST" duration-ms="359" status="PASS">
          <reporter-output>
          </reporter-output>
        </test-method> <!-- apply1 -->
        <test-method signature="search1()[pri:6, instance:testCases.TC_01_CabSelectsection@68d6972f]" started-at="2024-03-12T21:34:42 IST" name="search1" finished-at="2024-03-12T21:34:46 IST" duration-ms="4437" status="PASS">
          <reporter-output>
          </reporter-output>
        </test-method> <!-- search1 -->
        <test-method signature="suvSelect1()[pri:7, instance:testCases.TC_01_CabSelectsection@68d6972f]" started-at="2024-03-12T21:34:47 IST" name="suvSelect1" finished-at="2024-03-12T21:34:54 IST" duration-ms="7036" status="PASS">
          <reporter-output>
          </reporter-output>
        </test-method> <!-- suvSelect1 -->
        <test-method signature="carDetails()[pri:8, instance:testCases.TC_01_CabSelectsection@68d6972f]" started-at="2024-03-12T21:34:54 IST" name="carDetails" finished-at="2024-03-12T21:34:54 IST" duration-ms="96" status="PASS">
          <reporter-output>
          </reporter-output>
        </test-method> <!-- carDetails -->
        <test-method signature="carP1()[pri:9, instance:testCases.TC_01_CabSelectsection@68d6972f]" started-at="2024-03-12T21:34:55 IST" name="carP1" finished-at="2024-03-12T21:34:58 IST" duration-ms="2924" status="PASS">
          <reporter-output>
          </reporter-output>
        </test-method> <!-- carP1 -->
        <test-method is-config="true" signature="teardown()[pri:0, instance:testCases.TC_01_CabSelectsection@68d6972f]" started-at="2024-03-12T21:35:30 IST" name="teardown" finished-at="2024-03-12T21:35:32 IST" duration-ms="1968" status="PASS">
          <reporter-output>
          </reporter-output>
        </test-method> <!-- teardown -->
      </class> <!-- testCases.TC_01_CabSelectsection -->
    </test> <!-- Test -->
  </suite> <!-- Suite -->
</testng-results>
